2022-01-19 10:19:49 error: uncaughtException: listen EADDRINUSE: address already in use :::3000
Error: listen EADDRINUSE: address already in use :::3000
    at Server.setupListenHandle [as _listen2] (net.js:1320:16)
    at listenInCluster (net.js:1368:12)
    at Server.listen (net.js:1454:7)
    at Function.listen (C:\dev\Outsource\possap-backend\node_modules\express\lib\application.js:618:24)
    at App.listen (C:\dev\Outsource\possap-backend\src\app.ts:36:14)
    at Object.<anonymous> (C:\dev\Outsource\possap-backend\src\server.ts:14:5)
    at Module._compile (internal/modules/cjs/loader.js:1072:14)
    at Module.m._compile (C:\dev\Outsource\possap-backend\node_modules\ts-node\src\index.ts:1371:23)
    at Module._extensions..js (internal/modules/cjs/loader.js:1101:10)
    at Object.require.extensions.<computed> [as .ts] (C:\dev\Outsource\possap-backend\node_modules\ts-node\src\index.ts:1374:12)
2022-01-19 10:20:53 error: uncaughtException: listen EADDRINUSE: address already in use :::3000
Error: listen EADDRINUSE: address already in use :::3000
    at Server.setupListenHandle [as _listen2] (net.js:1320:16)
    at listenInCluster (net.js:1368:12)
    at Server.listen (net.js:1454:7)
    at Function.listen (C:\dev\Outsource\possap-backend\node_modules\express\lib\application.js:618:24)
    at App.listen (C:\dev\Outsource\possap-backend\src\app.ts:36:14)
    at Object.<anonymous> (C:\dev\Outsource\possap-backend\src\server.ts:14:5)
    at Module._compile (internal/modules/cjs/loader.js:1072:14)
    at Module.m._compile (C:\dev\Outsource\possap-backend\node_modules\ts-node\src\index.ts:1371:23)
    at Module._extensions..js (internal/modules/cjs/loader.js:1101:10)
    at Object.require.extensions.<computed> [as .ts] (C:\dev\Outsource\possap-backend\node_modules\ts-node\src\index.ts:1374:12)
2022-01-19 10:21:23 error: uncaughtException: listen EADDRINUSE: address already in use :::3000
Error: listen EADDRINUSE: address already in use :::3000
    at Server.setupListenHandle [as _listen2] (net.js:1320:16)
    at listenInCluster (net.js:1368:12)
    at Server.listen (net.js:1454:7)
    at Function.listen (C:\dev\Outsource\possap-backend\node_modules\express\lib\application.js:618:24)
    at App.listen (C:\dev\Outsource\possap-backend\src\app.ts:36:14)
    at Object.<anonymous> (C:\dev\Outsource\possap-backend\src\server.ts:14:5)
    at Module._compile (internal/modules/cjs/loader.js:1072:14)
    at Module.m._compile (C:\dev\Outsource\possap-backend\node_modules\ts-node\src\index.ts:1371:23)
    at Module._extensions..js (internal/modules/cjs/loader.js:1101:10)
    at Object.require.extensions.<computed> [as .ts] (C:\dev\Outsource\possap-backend\node_modules\ts-node\src\index.ts:1374:12)
2022-01-19 10:21:51 error: uncaughtException: listen EADDRINUSE: address already in use :::3000
Error: listen EADDRINUSE: address already in use :::3000
    at Server.setupListenHandle [as _listen2] (net.js:1320:16)
    at listenInCluster (net.js:1368:12)
    at Server.listen (net.js:1454:7)
    at Function.listen (C:\dev\Outsource\possap-backend\node_modules\express\lib\application.js:618:24)
    at App.listen (C:\dev\Outsource\possap-backend\src\app.ts:36:14)
    at Object.<anonymous> (C:\dev\Outsource\possap-backend\src\server.ts:14:5)
    at Module._compile (internal/modules/cjs/loader.js:1072:14)
    at Module.m._compile (C:\dev\Outsource\possap-backend\node_modules\ts-node\src\index.ts:1371:23)
    at Module._extensions..js (internal/modules/cjs/loader.js:1101:10)
    at Object.require.extensions.<computed> [as .ts] (C:\dev\Outsource\possap-backend\node_modules\ts-node\src\index.ts:1374:12)
2022-01-19 10:24:46 error: uncaughtException: listen EADDRINUSE: address already in use :::3000
Error: listen EADDRINUSE: address already in use :::3000
    at Server.setupListenHandle [as _listen2] (net.js:1320:16)
    at listenInCluster (net.js:1368:12)
    at Server.listen (net.js:1454:7)
    at Function.listen (C:\dev\Outsource\possap-backend\node_modules\express\lib\application.js:618:24)
    at App.listen (C:\dev\Outsource\possap-backend\src\app.ts:36:14)
    at Object.<anonymous> (C:\dev\Outsource\possap-backend\src\server.ts:14:5)
    at Module._compile (internal/modules/cjs/loader.js:1072:14)
    at Module.m._compile (C:\dev\Outsource\possap-backend\node_modules\ts-node\src\index.ts:1371:23)
    at Module._extensions..js (internal/modules/cjs/loader.js:1101:10)
    at Object.require.extensions.<computed> [as .ts] (C:\dev\Outsource\possap-backend\node_modules\ts-node\src\index.ts:1374:12)
2022-01-19 10:26:50 error: uncaughtException: listen EADDRINUSE: address already in use :::3000
Error: listen EADDRINUSE: address already in use :::3000
    at Server.setupListenHandle [as _listen2] (net.js:1320:16)
    at listenInCluster (net.js:1368:12)
    at Server.listen (net.js:1454:7)
    at Function.listen (C:\dev\Outsource\possap-backend\node_modules\express\lib\application.js:618:24)
    at App.listen (C:\dev\Outsource\possap-backend\src\app.ts:36:14)
    at Object.<anonymous> (C:\dev\Outsource\possap-backend\src\server.ts:14:5)
    at Module._compile (internal/modules/cjs/loader.js:1072:14)
    at Module.m._compile (C:\dev\Outsource\possap-backend\node_modules\ts-node\src\index.ts:1371:23)
    at Module._extensions..js (internal/modules/cjs/loader.js:1101:10)
    at Object.require.extensions.<computed> [as .ts] (C:\dev\Outsource\possap-backend\node_modules\ts-node\src\index.ts:1374:12)
2022-01-19 10:27:06 error: uncaughtException: listen EADDRINUSE: address already in use :::3000
Error: listen EADDRINUSE: address already in use :::3000
    at Server.setupListenHandle [as _listen2] (net.js:1320:16)
    at listenInCluster (net.js:1368:12)
    at Server.listen (net.js:1454:7)
    at Function.listen (C:\dev\Outsource\possap-backend\node_modules\express\lib\application.js:618:24)
    at App.listen (C:\dev\Outsource\possap-backend\src\app.ts:36:14)
    at Object.<anonymous> (C:\dev\Outsource\possap-backend\src\server.ts:14:5)
    at Module._compile (internal/modules/cjs/loader.js:1072:14)
    at Module.m._compile (C:\dev\Outsource\possap-backend\node_modules\ts-node\src\index.ts:1371:23)
    at Module._extensions..js (internal/modules/cjs/loader.js:1101:10)
    at Object.require.extensions.<computed> [as .ts] (C:\dev\Outsource\possap-backend\node_modules\ts-node\src\index.ts:1374:12)
2022-01-19 10:27:30 error: uncaughtException: listen EADDRINUSE: address already in use :::3000
Error: listen EADDRINUSE: address already in use :::3000
    at Server.setupListenHandle [as _listen2] (net.js:1320:16)
    at listenInCluster (net.js:1368:12)
    at Server.listen (net.js:1454:7)
    at Function.listen (C:\dev\Outsource\possap-backend\node_modules\express\lib\application.js:618:24)
    at App.listen (C:\dev\Outsource\possap-backend\src\app.ts:36:14)
    at Object.<anonymous> (C:\dev\Outsource\possap-backend\src\server.ts:14:5)
    at Module._compile (internal/modules/cjs/loader.js:1072:14)
    at Module.m._compile (C:\dev\Outsource\possap-backend\node_modules\ts-node\src\index.ts:1371:23)
    at Module._extensions..js (internal/modules/cjs/loader.js:1101:10)
    at Object.require.extensions.<computed> [as .ts] (C:\dev\Outsource\possap-backend\node_modules\ts-node\src\index.ts:1374:12)
